<?xml version="1.0" encoding="UTF-8" ?>
<testsuite tests="14" failures="0" name="de.unijena.bioinf.treealign.map.IntFloatHashMapTest" time="0.004" errors="0" skipped="0">
  <properties>
[...]
</properties>
  <testcase classname="de.unijena.bioinf.treealign.map.IntFloatHashMapTest" name="dontAllowNullKeys" time="0"/>
  <testcase classname="de.unijena.bioinf.treealign.map.IntFloatHashMapTest" name="dontAllowNegativeKeys" time="0"/>
  <testcase classname="de.unijena.bioinf.treealign.map.IntFloatHashMapTest" name="dontAllowNaNValues" time="0"/>
  <testcase classname="de.unijena.bioinf.treealign.map.IntFloatHashMapTest" name="TestUninitializedIterator" time="0"/>
  <testcase classname="de.unijena.bioinf.treealign.map.IntFloatHashMapTest" name="TestEmptyIterator" time="0"/>
  <testcase classname="de.unijena.bioinf.treealign.map.IntFloatHashMapTest" name="testDoubleKeyInsertion" time="0"/>
  <testcase classname="de.unijena.bioinf.treealign.map.IntFloatHashMapTest" name="testWrongAllocation" time="0"/>
  <testcase classname="de.unijena.bioinf.treealign.map.IntFloatHashMapTest" name="testAllocation" time="0"/>
  <testcase classname="de.unijena.bioinf.treealign.map.IntFloatHashMapTest" name="testSize" time="0"/>
  <testcase classname="de.unijena.bioinf.treealign.map.IntFloatHashMapTest" name="testInsertion" time="0"/>
  <testcase classname="de.unijena.bioinf.treealign.map.IntFloatHashMapTest" name="testIsAHash" time="0"/>
  <testcase classname="de.unijena.bioinf.treealign.map.IntFloatHashMapTest" name="testPutIfGreater" time="0"/>
  <testcase classname="de.unijena.bioinf.treealign.map.IntFloatHashMapTest" name="testDefaultValue" time="0"/>
  <testcase classname="de.unijena.bioinf.treealign.map.IntFloatHashMapTest" name="TestIteratingMap" time="0.001"/>
</testsuite>